[debug] [2021-08-02T17:02:27.511Z] ----------------------------------------------------------------------
[debug] [2021-08-02T17:02:27.514Z] Command:       C:\Program Files\nodejs\node.exe C:\Users\TekAdvice\AppData\Roaming\npm\node_modules\firebase-tools\lib\bin\firebase.js init
[debug] [2021-08-02T17:02:27.514Z] CLI Version:   9.16.0
[debug] [2021-08-02T17:02:27.514Z] Platform:      win32
[debug] [2021-08-02T17:02:27.514Z] Node Version:  v14.16.1
[debug] [2021-08-02T17:02:27.515Z] Time:          Mon Aug 02 2021 20:02:27 GMT+0300 (Eastern European Summer Time)
[debug] [2021-08-02T17:02:27.516Z] ----------------------------------------------------------------------
[debug] 
[debug] [2021-08-02T17:02:27.587Z] > command requires scopes: ["email","openid","https://www.googleapis.com/auth/cloudplatformprojects.readonly","https://www.googleapis.com/auth/firebase","https://www.googleapis.com/auth/cloud-platform"]
[debug] [2021-08-02T17:02:27.587Z] > authorizing via signed-in user (deroude@gmail.com)
[info] 
     ######## #### ########  ######## ########     ###     ######  ########
     ##        ##  ##     ## ##       ##     ##  ##   ##  ##       ##
     ######    ##  ########  ######   ########  #########  ######  ######
     ##        ##  ##    ##  ##       ##     ## ##     ##       ## ##
     ##       #### ##     ## ######## ########  ##     ##  ######  ########

You're about to initialize a Firebase project in this directory:

  D:\Projects\qweezi

Before we get started, keep in mind:

  * You are initializing within an existing Firebase project directory

